<?xml version="1.0" encoding="UTF-8"?>
<testsuite name="PowerTest" tests="1" skipped="0" failures="0" errors="0" timestamp="2023-09-24T12:07:07" hostname="ORUJOVA" time="0.015">
  <properties/>
  <testcase name="testPower()" classname="PowerTest" time="0.015"/>
  <system-out><![CDATA[]]></system-out>
  <system-err><![CDATA[]]></system-err>
</testsuite>
