<?xml version="1.0" encoding="UTF-8"?>
<testsuite name="l2Test" tests="1" skipped="0" failures="0" errors="0" timestamp="2023-09-24T07:27:50" hostname="ORUJOVA" time="0.012">
  <properties/>
  <testcase name="testAdd()" classname="l2Test" time="0.012"/>
  <system-out><![CDATA[]]></system-out>
  <system-err><![CDATA[]]></system-err>
</testsuite>
